<?xml version="1.0" encoding="UTF-8"?>
<testng-results skipped="0" failed="0" ignored="0" total="1" passed="1">
  <reporter-output>
  </reporter-output>
  <suite name="Default suite" duration-ms="6752" started-at="2021-03-04T08:09:32Z" finished-at="2021-03-04T08:09:39Z">
    <groups>
    </groups>
    <test name="Default test" duration-ms="6752" started-at="2021-03-04T08:09:32Z" finished-at="2021-03-04T08:09:39Z">
      <class name="SecondSampleProg">
        <test-method status="PASS" signature="RegisterUsers()[pri:0, instance:SecondSampleProg@55f3ddb1]" name="RegisterUsers" duration-ms="6568" started-at="2021-03-04T08:09:32Z" finished-at="2021-03-04T08:09:39Z">
          <reporter-output>
          </reporter-output>
        </test-method> <!-- RegisterUsers -->
      </class> <!-- SecondSampleProg -->
    </test> <!-- Default test -->
  </suite> <!-- Default suite -->
</testng-results>
